<?xml version="1.0" encoding="UTF-8"?>
<!-- Generated by org.testng.reporters.JUnitXMLReporter -->
<testsuite ignored="0" hostname="ViveksMacBookPro.local" failures="0" tests="3" name="Default test" time="43.809" errors="0" timestamp="2022-10-03T03:54:45 MYT">
  <testcase classname="HomeTest.HomeTest" name="searchValidation" time="2.035"/>
  <testcase classname="HomeTest.HomeTest" name="filterValidation" time="3.247"/>
  <testcase classname="HomeTest.HomeTest" name="addToCart" time="11.355"/>
</testsuite> <!-- Default test -->
